Traceback (most recent call last):
  File "/w/halld-scshelf2101/lng/Mambaforge/envs/pyamptools/lib/python3.9/site-packages/jupyter_cache/executors/utils.py", line 58, in single_nb_execution
    executenb(
  File "/w/halld-scshelf2101/lng/Mambaforge/envs/pyamptools/lib/python3.9/site-packages/nbclient/client.py", line 1314, in execute
    return NotebookClient(nb=nb, resources=resources, km=km, **kwargs).execute()
  File "/w/halld-scshelf2101/lng/Mambaforge/envs/pyamptools/lib/python3.9/site-packages/jupyter_core/utils/__init__.py", line 165, in wrapped
    return loop.run_until_complete(inner)
  File "/w/halld-scshelf2101/lng/Mambaforge/envs/pyamptools/lib/python3.9/asyncio/base_events.py", line 647, in run_until_complete
    return future.result()
  File "/w/halld-scshelf2101/lng/Mambaforge/envs/pyamptools/lib/python3.9/site-packages/nbclient/client.py", line 709, in async_execute
    await self.async_execute_cell(
  File "/w/halld-scshelf2101/lng/Mambaforge/envs/pyamptools/lib/python3.9/site-packages/nbclient/client.py", line 1062, in async_execute_cell
    await self._check_raise_for_error(cell, cell_index, exec_reply)
  File "/w/halld-scshelf2101/lng/Mambaforge/envs/pyamptools/lib/python3.9/site-packages/nbclient/client.py", line 918, in _check_raise_for_error
    raise CellExecutionError.from_cell_and_msg(cell, exec_reply_content)
nbclient.exceptions.CellExecutionError: An error occurred while executing the following cell:
------------------
### IF USING ROOT TO PLOT - CAN SET GLUEX STYLE HERE ###
gInterpreter.ProcessLine('#include "gluex_style.h"')
gluex_style = ROOT.gluex_style() # Returns TStyle
gluex_style.SetPadRightMargin(0.08)
gluex_style.cd()
------------------

----- stderr -----
input_line_90:1:10: fatal error: 'gluex_style.h' file not found
#include "gluex_style.h"
         ^~~~~~~~~~~~~~~
------------------

[0;31m---------------------------------------------------------------------------[0m
[0;31mAttributeError[0m                            Traceback (most recent call last)
Cell [0;32mIn[3], line 3[0m
[1;32m      1[0m [38;5;66;03m### IF USING ROOT TO PLOT - CAN SET GLUEX STYLE HERE ###[39;00m
[1;32m      2[0m gInterpreter[38;5;241m.[39mProcessLine([38;5;124m'[39m[38;5;124m#include [39m[38;5;124m"[39m[38;5;124mgluex_style.h[39m[38;5;124m"[39m[38;5;124m'[39m)
[0;32m----> 3[0m gluex_style [38;5;241m=[39m [43mROOT[49m[38;5;241;43m.[39;49m[43mgluex_style[49m() [38;5;66;03m# Returns TStyle[39;00m
[1;32m      4[0m gluex_style[38;5;241m.[39mSetPadRightMargin([38;5;241m0.08[39m)
[1;32m      5[0m gluex_style[38;5;241m.[39mcd()

File [0;32m/w/halld-scshelf2101/lng/WORK/PyAmpTools/external/root/root-6.28.06-gcc9.3.0/lib/ROOT/_facade.py:196[0m, in [0;36mROOTFacade._fallback_getattr[0;34m(self, name)[0m
[1;32m    194[0m     [38;5;28;01mif[39;00m res:
[1;32m    195[0m         [38;5;28;01mreturn[39;00m res
[0;32m--> 196[0m [38;5;28;01mraise[39;00m [38;5;167;01mAttributeError[39;00m([38;5;124m"[39m[38;5;124mFailed to get attribute [39m[38;5;132;01m{}[39;00m[38;5;124m from ROOT[39m[38;5;124m"[39m[38;5;241m.[39mformat(name))

[0;31mAttributeError[0m: Failed to get attribute gluex_style from ROOT

